==91426== Memcheck, a memory error detector
==91426== Copyright (C) 2002-2017, and GNU GPL'd, by Julian Seward et al.
==91426== Using Valgrind-3.18.1 and LibVEX; rerun with -h for copyright info
==91426== Command: ./bin/console.out console.config instrucciones.txt 0.0.0.0
==91426== Parent PID: 91425
==91426== 
==91426== Invalid write of size 2
==91426==    at 0x10BA10: crear_lista_de_segmentos (init.c:204)
==91426==    by 0x10BEDC: main (main.c:34)
==91426==  Address 0x4ab8be4 is 0 bytes after a block of size 4 alloc'd
==91426==    at 0x484DA83: calloc (in /usr/libexec/valgrind/vgpreload_memcheck-amd64-linux.so)
==91426==    by 0x10B9C4: crear_lista_de_segmentos (init.c:201)
==91426==    by 0x10BEDC: main (main.c:34)
==91426== 
==91426== Invalid read of size 2
==91426==    at 0x10AF5D: copiarElementos_tamanios_segmentos.0 (comunicacion.c:153)
==91426==    by 0x486B400: list_iterate (list.c:83)
==91426==    by 0x10AD1E: agregar_a_paquete (comunicacion.c:158)
==91426==    by 0x10AFC0: paquete (comunicacion.c:169)
==91426==    by 0x10BF1F: main (main.c:40)
==91426==  Address 0x4ab8be0 is 0 bytes inside a block of size 4 free'd
==91426==    at 0x484B27F: free (in /usr/libexec/valgrind/vgpreload_memcheck-amd64-linux.so)
==91426==    by 0x10BA6C: crear_lista_de_segmentos (init.c:211)
==91426==    by 0x10BEDC: main (main.c:34)
==91426==  Block was alloc'd at
==91426==    at 0x484DA83: calloc (in /usr/libexec/valgrind/vgpreload_memcheck-amd64-linux.so)
==91426==    by 0x10B9C4: crear_lista_de_segmentos (init.c:201)
==91426==    by 0x10BEDC: main (main.c:34)
==91426== 
